#
# There is insufficient memory for the Java Runtime Environment to continue.
# Native memory allocation (mmap) failed to map 123731968 bytes for Failed to commit area from 0x000000008a000000 to 0x0000000091600000 of length 123731968.
# Possible reasons:
#   The system is out of physical RAM or swap space
#   The process is running with CompressedOops enabled, and the Java Heap may be blocking the growth of the native heap
# Possible solutions:
#   Reduce memory load on the system
#   Increase physical memory or swap space
#   Check if swap backing store is full
#   Decrease Java heap size (-Xmx/-Xms)
#   Decrease number of Java threads
#   Decrease Java thread stack sizes (-Xss)
#   Set larger code cache with -XX:ReservedCodeCacheSize=
#   JVM is running with Unscaled Compressed Oops mode in which the Java heap is
#     placed in the first 4GB address space. The Java Heap base address is the
#     maximum limit for the native heap growth. Please use -XX:HeapBaseMinAddress
#     to set the Java Heap base and to place the Java Heap above 4GB virtual address.
# This output file may be truncated or incomplete.
#
#  Out of Memory Error (./open/src/hotspot/os/windows/os_windows.cpp:3315), pid=16516, tid=14528
#
# JRE version:  (14.0.2+12) (build )
# Java VM: Java HotSpot(TM) 64-Bit Server VM (14.0.2+12-46, mixed mode, sharing, tiered, compressed oops, g1 gc, windows-amd64)
# No core dump will be written. Minidumps are not enabled by default on client versions of Windows
#

---------------  S U M M A R Y ------------

Command Line: -Dfile.encoding=Cp1252 -XX:+ShowCodeDetailsInExceptionMessages useLambda.MergeTwoSortedArrays

Host: AMD Ryzen 5 4500U with Radeon Graphics         , 6 cores, 7G,  Windows 10 , 64 bit Build 22000 (10.0.22000.708)
Time: Thu Aug 11 03:47:02 2022 India Standard Time elapsed time: 0 seconds (0d 0h 0m 0s)

---------------  T H R E A D  ---------------

Current thread (0x000002ed8231b000):  JavaThread "Unknown thread" [_thread_in_vm, id=14528, stack(0x000000f246000000,0x000000f246100000)]

Stack: [0x000000f246000000,0x000000f246100000]
Native frames: (J=compiled Java code, j=interpreted, Vv=VM code, C=native code)
V  [jvm.dll+0x5f8a9a]
V  [jvm.dll+0x74247a]
V  [jvm.dll+0x743c2f]
V  [jvm.dll+0x744273]
V  [jvm.dll+0x20d288]
V  [jvm.dll+0x5f5dea]
V  [jvm.dll+0x5eac45]
V  [jvm.dll+0x2c7e9c]
V  [jvm.dll+0x2c7cd2]
V  [jvm.dll+0x2cdbbc]
V  [jvm.dll+0x313fe8]
V  [jvm.dll+0x313710]
V  [jvm.dll+0x2a092a]
V  [jvm.dll+0x2a1a79]
V  [jvm.dll+0x71fd48]
V  [jvm.dll+0x321c14]
V  [jvm.dll+0x70112c]
V  [jvm.dll+0x392def]
V  [jvm.dll+0x394e61]
C  [jli.dll+0x524b]
C  [ucrtbase.dll+0x26c0c]
C  [KERNEL32.DLL+0x154e0]
C  [ntdll.dll+0x485b]


---------------  P R O C E S S  ---------------

Threads class SMR info:
_java_thread_list=0x00007ffa4c8b3038, length=0, elements={
}

Java Threads: ( => current thread )

Other Threads:
  0x000002ed8235a000 GCTaskThread "GC Thread#0" [stack: 0x000000f246100000,0x000000f246200000] [id=14152]
  0x000002ed8236b800 ConcurrentGCThread "G1 Main Marker" [stack: 0x000000f246200000,0x000000f246300000] [id=11456]
  0x000002ed8236d800 ConcurrentGCThread "G1 Conc#0" [stack: 0x000000f246300000,0x000000f246400000] [id=13792]

[error occurred during error reporting (printing all threads), id 0xc0000005, EXCEPTION_ACCESS_VIOLATION (0xc0000005) at pc=0x00007ffa4c0e1257]

VM state:not at safepoint (not fully initialized)

VM Mutex/Monitor currently owned by a thread:  ([mutex/lock_event])
[0x000002ed82317800] Heap_lock - owner thread: 0x000002ed8231b000

Heap address: 0x000000008a000000, size: 1888 MB, Compressed Oops mode: 32-bit
Narrow klass base: 0x0000000000000000, Narrow klass shift: 0

GC Heap History (0 events):
No events

Deoptimization events (0 events):
No events

Classes unloaded (0 events):
No events

Classes redefined (0 events):
No events

Internal exceptions (0 events):
No events

Events (2 events):
Event: 0.005 Loaded shared library C:\Program Files\Java\jdk-14.0.2\bin\java.dll
Event: 0.005 Loaded shared library C:\Program Files\Java\jdk-14.0.2\bin\zip.dll


Dynamic libraries:
0x00007ff6a91c0000 - 0x00007ff6a91cf000 	C:\Program Files\Java\jdk-14.0.2\bin\javaw.exe
0x00007ffaafac0000 - 0x00007ffaafcc9000 	C:\WINDOWS\SYSTEM32\ntdll.dll
0x00007ffaaeda0000 - 0x00007ffaaee5d000 	C:\WINDOWS\System32\KERNEL32.DLL
0x00007ffaad3c0000 - 0x00007ffaad73d000 	C:\WINDOWS\System32\KERNELBASE.dll
0x00007ffaad830000 - 0x00007ffaad941000 	C:\WINDOWS\System32\ucrtbase.dll
0x00007ffaa5a20000 - 0x00007ffaa5a38000 	C:\Program Files\Java\jdk-14.0.2\bin\jli.dll
0x00007ffaaf0c0000 - 0x00007ffaaf16e000 	C:\WINDOWS\System32\ADVAPI32.dll
0x00007ffaaee60000 - 0x00007ffaaef03000 	C:\WINDOWS\System32\msvcrt.dll
0x00007ffaad960000 - 0x00007ffaad9fe000 	C:\WINDOWS\System32\sechost.dll
0x00007ffaa5a00000 - 0x00007ffaa5a15000 	C:\Program Files\Java\jdk-14.0.2\bin\VCRUNTIME140.dll
0x00007ffaaf320000 - 0x00007ffaaf440000 	C:\WINDOWS\System32\RPCRT4.dll
0x00007ffaaef10000 - 0x00007ffaaf0bd000 	C:\WINDOWS\System32\USER32.dll
0x00007ffaad0c0000 - 0x00007ffaad0e6000 	C:\WINDOWS\System32\win32u.dll
0x00007ffaaeaf0000 - 0x00007ffaaeb19000 	C:\WINDOWS\System32\GDI32.dll
0x00007ffaacfa0000 - 0x00007ffaad0b8000 	C:\WINDOWS\System32\gdi32full.dll
0x00007ffaad320000 - 0x00007ffaad3bd000 	C:\WINDOWS\System32\msvcp_win.dll
0x00007ffaa0630000 - 0x00007ffaa08d5000 	C:\WINDOWS\WinSxS\amd64_microsoft.windows.common-controls_6595b64144ccf1df_6.0.22000.120_none_9d947278b86cc467\COMCTL32.dll
0x00007ffaa57c0000 - 0x00007ffaa57ca000 	C:\WINDOWS\SYSTEM32\VERSION.dll
0x00007ffaada70000 - 0x00007ffaadaa1000 	C:\WINDOWS\System32\IMM32.DLL
0x00007ffa94af0000 - 0x00007ffa94b8b000 	C:\Program Files\Java\jdk-14.0.2\bin\msvcp140.dll
0x00007ffa4be30000 - 0x00007ffa4c94e000 	C:\Program Files\Java\jdk-14.0.2\bin\server\jvm.dll
0x00007ffaae9c0000 - 0x00007ffaae9c8000 	C:\WINDOWS\System32\PSAPI.DLL
0x00007ffa81590000 - 0x00007ffa81599000 	C:\WINDOWS\SYSTEM32\WSOCK32.dll
0x00007ffaa87a0000 - 0x00007ffaa87d3000 	C:\WINDOWS\SYSTEM32\WINMM.dll
0x00007ffaaf170000 - 0x00007ffaaf1df000 	C:\WINDOWS\System32\WS2_32.dll
0x00007ffaac0e0000 - 0x00007ffaac0f8000 	C:\WINDOWS\SYSTEM32\kernel.appcore.dll
0x00007ffaa5e80000 - 0x00007ffaa5e8a000 	C:\Program Files\Java\jdk-14.0.2\bin\jimage.dll
0x00007ffaaa9d0000 - 0x00007ffaaabf1000 	C:\WINDOWS\SYSTEM32\DBGHELP.DLL
0x00007ffaa6150000 - 0x00007ffaa6181000 	C:\WINDOWS\SYSTEM32\dbgcore.DLL
0x00007ffaad7b0000 - 0x00007ffaad82f000 	C:\WINDOWS\System32\bcryptPrimitives.dll
0x00007ffaa5ac0000 - 0x00007ffaa5ae5000 	C:\Program Files\Java\jdk-14.0.2\bin\java.dll
0x00007ffaa32f0000 - 0x00007ffaa3306000 	C:\Program Files\Java\jdk-14.0.2\bin\zip.dll

dbghelp: loaded successfully - version: 4.0.5 - missing functions: none
symbol engine: initialized successfully - sym options: 0x614 - pdb path: .;C:\Program Files\Java\jdk-14.0.2\bin;C:\WINDOWS\SYSTEM32;C:\WINDOWS\WinSxS\amd64_microsoft.windows.common-controls_6595b64144ccf1df_6.0.22000.120_none_9d947278b86cc467;C:\Program Files\Java\jdk-14.0.2\bin\server

VM Arguments:
jvm_args: -Dfile.encoding=Cp1252 -XX:+ShowCodeDetailsInExceptionMessages 
java_command: useLambda.MergeTwoSortedArrays
java_class_path (initial): C:\Users\Rajat Tiwari\IdeaProjects\HackerRank\out\production\HackerRank
Launcher Type: SUN_STANDARD

[Global flags]
     intx CICompilerCount                          = 3                                         {product} {ergonomic}
     uint ConcGCThreads                            = 2                                         {product} {ergonomic}
     uint G1ConcRefinementThreads                  = 6                                         {product} {ergonomic}
   size_t G1HeapRegionSize                         = 1048576                                   {product} {ergonomic}
    uintx GCDrainStackTargetSize                   = 64                                        {product} {ergonomic}
   size_t InitialHeapSize                          = 123731968                                 {product} {ergonomic}
   size_t MarkStackSize                            = 4194304                                   {product} {ergonomic}
   size_t MaxHeapSize                              = 1979711488                                {product} {ergonomic}
   size_t MinHeapDeltaBytes                        = 1048576                                   {product} {ergonomic}
   size_t MinHeapSize                              = 8388608                                   {product} {ergonomic}
    uintx NonNMethodCodeHeapSize                   = 5832780                                {pd product} {ergonomic}
    uintx NonProfiledCodeHeapSize                  = 122912730                              {pd product} {ergonomic}
    uintx ProfiledCodeHeapSize                     = 122912730                              {pd product} {ergonomic}
    uintx ReservedCodeCacheSize                    = 251658240                              {pd product} {ergonomic}
     bool SegmentedCodeCache                       = true                                      {product} {ergonomic}
     bool ShowCodeDetailsInExceptionMessages       = true                                   {manageable} {command line}
   size_t SoftMaxHeapSize                          = 1979711488                             {manageable} {ergonomic}
     bool UseCompressedClassPointers               = true                                 {lp64_product} {ergonomic}
     bool UseCompressedOops                        = true                                 {lp64_product} {ergonomic}
     bool UseG1GC                                  = true                                      {product} {ergonomic}
     bool UseLargePagesIndividualAllocation        = false                                  {pd product} {ergonomic}

Logging:
Log output configuration:
 #0: stdout all=warning uptime,level,tags
 #1: stderr all=off uptime,level,tags

Environment Variables:
PATH=C:/Program Files/Java/jdk-14.0.2/bin/server;C:/Program Files/Java/jdk-14.0.2/bin;C:\Program Files (x86)\Common Files\Oracle\Java\javapath;C:\WINDOWS\system32;C:\WINDOWS;C:\WINDOWS\System32\Wbem;C:\WINDOWS\System32\WindowsPowerShell\v1.0\;C:\WINDOWS\System32\OpenSSH\;C:\Program Files\nodejs\;C:\Program Files\Git\cmd;C:\Program Files\Docker\Docker\resources\bin;C:\ProgramData\DockerDesktop\version-bin;C:\Users\Rajat Tiwari\AppData\Local\Microsoft\WindowsApps;C:\Users\Rajat Tiwari\AppData\Roaming\npm;C:\Users\Rajat Tiwari\AppData\Local\Programs\Microsoft VS Code\bin;C:\Program Files\JetBrains\IntelliJ IDEA Community Edition 2022.1.3\bin;;;C:\WINDOWS\system32;
USERNAME=Rajat Tiwari
OS=Windows_NT
PROCESSOR_IDENTIFIER=AMD64 Family 23 Model 96 Stepping 1, AuthenticAMD



---------------  S Y S T E M  ---------------

OS: Windows 10 , 64 bit Build 22000 (10.0.22000.708)
OS uptime: 0 days 3:09 hours
HyperV virtualization detected

CPU:total 6 (initial active 6) (6 cores per cpu, 1 threads per core) family 23 model 96 stepping 1, cmov, cx8, fxsr, mmx, sse, sse2, sse3, ssse3, sse4.1, sse4.2, popcnt, avx, avx2, aes, clmul, mmxext, 3dnowpref, lzcnt, sse4a, tsc, tscinvbit, tscinv, bmi1, bmi2, adx, sha, fma

Memory: 4k page, system-wide physical 7550M (795M free)
TotalPageFile size 31102M (AvailPageFile size 28M)
current process WorkingSet (physical memory assigned to process): 10M, peak: 10M
current process commit charge ("private bytes"): 56M, peak: 174M

vm_info: Java HotSpot(TM) 64-Bit Server VM (14.0.2+12-46) for windows-amd64 JRE (14.0.2+12-46), built on Jul  9 2020 00:35:52 by "mach5one" with MS VC++ 15.9 (VS2017)

END.
